<?xml version="1.0" encoding="UTF-8"?>
<beans xmlns="http://www.springframework.org/schema/beans" xmlns:xsi="http://www.w3.org/2001/XMLSchema-instance" xmlns:jdbc="http://www.springframework.org/schema/jdbc"
	xmlns:util="http://www.springframework.org/schema/util"
	xmlns:dbunit="http://www.resthub.org/schema/dbunit"
	xsi:schemaLocation="http://www.springframework.org/schema/beans http://www.springframework.org/schema/beans/spring-beans-3.1.xsd
		http://www.springframework.org/schema/jdbc http://www.springframework.org/schema/jdbc/spring-jdbc-3.1.xsd
		http://www.springframework.org/schema/util http://www.springframework.org/schema/util/spring-util-3.1.xsd
		http://www.resthub.org/schema/dbunit http://www.resthub.org/schema/dbunit/resthub-dbunit-1.1.xsd">

	<jdbc:embedded-database id="dataSource" type="H2" />
	
	<dbunit:configuration id="dbunitConf" data-source="dataSource"/>
	
</beans>
