<?xml version="1.0" encoding="UTF-8"?>
<beans xmlns="http://www.springframework.org/schema/beans" xmlns:xsi="http://www.w3.org/2001/XMLSchema-instance" xmlns:jdbc="http://www.springframework.org/schema/jdbc"
	xmlns:util="http://www.springframework.org/schema/util"
	xsi:schemaLocation="http://www.springframework.org/schema/beans http://www.springframework.org/schema/beans/spring-beans-3.1.xsd
		http://www.springframework.org/schema/jdbc http://www.springframework.org/schema/jdbc/spring-jdbc-3.1.xsd
		http://www.springframework.org/schema/util http://www.springframework.org/schema/util/spring-util-3.1.xsd">

	<jdbc:initialize-database data-source="dataSource">
		<jdbc:script location="classpath:initdb.sql" />
	</jdbc:initialize-database>

	<bean class="org.resthub.test.dbunit.config.DbUnitConfiguration">
		<property name="databaseConnection" ref="databaseConnection"/>
		<property name="databaseTester" ref="databaseTester"/>
	</bean>
	
	<bean id="databaseConnection" class="org.resthub.test.dbunit.config.DatabaseConnectionFactory">
		<property name="dataSource" ref="dataSource"/>
	</bean>
	
	<bean id="databaseTester" class="org.dbunit.DefaultDatabaseTester">
		<constructor-arg ref="databaseConnection"/>
	</bean>
	
	<bean id="dataset" class="org.resthub.test.dbunit.initializer.FlatXMLDatabaseInitializer">
		<property name="location" value="classpath:datasets/dataset.xml"/>
	</bean>
	
	<bean id="dataset2" class="org.resthub.test.dbunit.initializer.FlatXMLDatabaseInitializer">
		<property name="location" value="classpath:datasets/dataset2.xml"/>
	</bean>
	
	<bean id="datasetInitializer" class="org.resthub.test.dbunit.utils.MyApplicationDataSetInitializer"/>

</beans>
